<?xml version="1.0" encoding="UTF-8"?>
<testsuite xmlns:xsi="http://www.w3.org/2001/XMLSchema-instance" xsi:noNamespaceSchemaLocation="https://maven.apache.org/surefire/maven-surefire-plugin/xsd/surefire-test-report-3.0.xsd" version="3.0" name="com.example.CatTest" time="4.573" tests="2" errors="0" skipped="0" failures="0">
  <properties>
[...]
</properties>
  <testcase name="getSound_shouldReturnMeow" classname="com.example.CatTest" time="4.418"/>
  <testcase name="getFood_shouldReturnFoodFromFeline_andCallEatMeat" classname="com.example.CatTest" time="0.102"/>
</testsuite>